<?xml version="1.0" encoding="UTF-8"?>
<!-- Generated by org.testng.reporters.JUnitXMLReporter -->
<testsuite ignored="0" hostname="HSMUMSZLPREN087" failures="1" tests="14" name="Surefire test" time="164.463" errors="0" timestamp="2023-12-04T15:30:58 IST">
  <testcase classname="com.tutorialsninja.qa.testcases.LoginTest" name="verifyLogincredential" time="1.224"/>
  <testcase classname="com.tutorialsninja.qa.testcases.LoginTest" name="verifyLogincredential" time="1.327"/>
  <testcase classname="com.tutorialsninja.qa.testcases.LoginTest" name="verifyLogincredential" time="1.089"/>
  <testcase classname="com.tutorialsninja.qa.testcases.LoginTest" name="verifyloginwithInvalidcredential" time="0.868"/>
  <testcase classname="com.tutorialsninja.qa.testcases.LoginTest" name="verifyloginwithInvalidemanilandvalidPass" time="0.836"/>
  <testcase classname="com.tutorialsninja.qa.testcases.LoginTest" name="VerifyLoginwithValidEmanilandinvalidPass" time="0.896"/>
  <testcase classname="com.tutorialsninja.qa.testcases.LoginTest" name="verifyloginwithoutProvidingCredential" time="0.898"/>
  <testcase classname="com.tutorialsninja.qa.testcases.RegisterPageTest" name="VerifiRegisterAccount" time="1.783"/>
  <testcase classname="com.tutorialsninja.qa.testcases.RegisterPageTest" name="veriRegisterPagewithAllMandotoryFields" time="0.022">
    <failure type="java.lang.IllegalArgumentException" message="Keys to send should be a not null CharSequence">
      <![CDATA[java.lang.IllegalArgumentException: Keys to send should be a not null CharSequence
at org.openqa.selenium.remote.RemoteWebElement.sendKeys(RemoteWebElement.java:98)
at com.tutorialsninja.qa.testcases.RegisterPageTest.veriRegisterPagewithAllMandotoryFields(RegisterPageTest.java:88)
at java.base/java.util.ArrayList.forEach(ArrayList.java:1511)
... Removed 32 stack frames]]>
    </failure>
  </testcase> <!-- veriRegisterPagewithAllMandotoryFields -->
  <testcase classname="com.tutorialsninja.qa.testcases.RegisterPageTest" name="VerifyRegisterpagewithExistingEmail" time="1.572"/>
  <testcase classname="com.tutorialsninja.qa.testcases.RegisterPageTest" name="verifyRegisterpageWithoutFillingAnyDetails" time="0.794"/>
  <testcase classname="com.tutorialsninja.qa.testcases.SearchTest" name="verifySearchwithValidProduct" time="0.877"/>
  <testcase classname="com.tutorialsninja.qa.testcases.SearchTest" name="verifySearchwithInvalidProduct" time="0.719"/>
  <testcase classname="com.tutorialsninja.qa.testcases.SearchTest" name="verifySearchWithoutanyProduct" time="1.006"/>
</testsuite> <!-- Surefire test -->
