<?xml version="1.0" encoding="UTF-8"?>
<!-- Generated by org.testng.reporters.JUnitXMLReporter -->
<testsuite ignored="0" hostname="HSMUMSZLPREN087" failures="1" tests="14" name="Tutorials Ninja Test Cases" time="176.917" errors="0" timestamp="2023-12-04T18:37:25 IST">
  <testcase classname="com.tutorialsninja.qa.testcases.RegisterPageTest" name="VerifiRegisterAccount" time="1.932"/>
  <testcase classname="com.tutorialsninja.qa.testcases.RegisterPageTest" name="veriRegisterPagewithAllMandotoryFields" time="0.051">
    <failure type="java.lang.IllegalArgumentException" message="Keys to send should be a not null CharSequence">
      <![CDATA[java.lang.IllegalArgumentException: Keys to send should be a not null CharSequence
at org.openqa.selenium.remote.RemoteWebElement.sendKeys(RemoteWebElement.java:98)
at com.tutorialsninja.qa.testcases.RegisterPageTest.veriRegisterPagewithAllMandotoryFields(RegisterPageTest.java:88)
at java.base/java.util.ArrayList.forEach(ArrayList.java:1511)
... Removed 31 stack frames]]>
    </failure>
  </testcase> <!-- veriRegisterPagewithAllMandotoryFields -->
  <testcase classname="com.tutorialsninja.qa.testcases.RegisterPageTest" name="VerifyRegisterpagewithExistingEmail" time="1.857"/>
  <testcase classname="com.tutorialsninja.qa.testcases.RegisterPageTest" name="verifyRegisterpageWithoutFillingAnyDetails" time="0.901"/>
  <testcase classname="com.tutorialsninja.qa.testcases.LoginTest" name="verifyLogincredential" time="1.238"/>
  <testcase classname="com.tutorialsninja.qa.testcases.LoginTest" name="verifyLogincredential" time="1.332"/>
  <testcase classname="com.tutorialsninja.qa.testcases.LoginTest" name="verifyLogincredential" time="1.18"/>
  <testcase classname="com.tutorialsninja.qa.testcases.LoginTest" name="verifyloginwithInvalidcredential" time="0.938"/>
  <testcase classname="com.tutorialsninja.qa.testcases.LoginTest" name="verifyloginwithInvalidemanilandvalidPass" time="1.092"/>
  <testcase classname="com.tutorialsninja.qa.testcases.LoginTest" name="VerifyLoginwithValidEmanilandinvalidPass" time="0.86"/>
  <testcase classname="com.tutorialsninja.qa.testcases.LoginTest" name="verifyloginwithoutProvidingCredential" time="0.795"/>
  <testcase classname="com.tutorialsninja.qa.testcases.SearchTest" name="verifySearchwithValidProduct" time="0.852"/>
  <testcase classname="com.tutorialsninja.qa.testcases.SearchTest" name="verifySearchwithInvalidProduct" time="0.688"/>
  <testcase classname="com.tutorialsninja.qa.testcases.SearchTest" name="verifySearchWithoutanyProduct" time="0.841"/>
</testsuite> <!-- Tutorials Ninja Test Cases -->
